[08-Jan-2018 16:20:15 UTC] ----------------------------------
[08-Jan-2018 16:20:15 UTC] Array
(
    [ID] => 65
    [id] => 65
    [title] => MN_WebHeader-02
    [filename] => MN_WebHeader-02.png
    [url] => https://musicnow.test/content/uploads/2018/01/MN_WebHeader-02.png
    [alt] => 
    [author] => 2
    [description] => 
    [caption] => 
    [name] => mn_webheader-02
    [date] => 2018-01-05 22:08:35
    [modified] => 2018-01-08 16:10:58
    [mime_type] => image/png
    [type] => image
    [icon] => https://musicnow.test/core/wp-includes/images/media/default.png
    [width] => 1601
    [height] => 661
    [sizes] => Array
        (
            [thumbnail] => https://musicnow.test/content/uploads/2018/01/MN_WebHeader-02-150x150.png
            [thumbnail-width] => 150
            [thumbnail-height] => 150
            [medium] => https://musicnow.test/content/uploads/2018/01/MN_WebHeader-02-300x124.png
            [medium-width] => 300
            [medium-height] => 124
            [medium_large] => https://musicnow.test/content/uploads/2018/01/MN_WebHeader-02-768x317.png
            [medium_large-width] => 768
            [medium_large-height] => 317
            [large] => https://musicnow.test/content/uploads/2018/01/MN_WebHeader-02-1024x423.png
            [large-width] => 1024
            [large-height] => 423
        )

)

[08-Jan-2018 16:20:15 UTC] ----------------------------------
[08-Jan-2018 16:20:15 UTC] PHP Notice:  Undefined variable: image in /app/public/content/themes/musicnow/template-parts/hero.php on line 28
[08-Jan-2018 16:20:15 UTC] PHP Stack trace:
[08-Jan-2018 16:20:15 UTC] PHP   1. {main}() /app/public/index.php:0
[08-Jan-2018 16:20:15 UTC] PHP   2. require() /app/public/index.php:17
[08-Jan-2018 16:20:15 UTC] PHP   3. require_once() /app/public/core/wp-blog-header.php:19
[08-Jan-2018 16:20:15 UTC] PHP   4. include() /app/public/core/wp-includes/template-loader.php:74
[08-Jan-2018 16:20:15 UTC] PHP   5. get_template_part() /app/public/content/themes/musicnow/page-templates/homepage.php:11
[08-Jan-2018 16:20:15 UTC] PHP   6. locate_template() /app/public/core/wp-includes/general-template.php:155
[08-Jan-2018 16:20:15 UTC] PHP   7. load_template() /app/public/core/wp-includes/template.php:647
[08-Jan-2018 16:20:15 UTC] PHP   8. require() /app/public/core/wp-includes/template.php:690
[08-Jan-2018 16:20:15 UTC] PHP Notice:  Undefined variable: image in /app/public/content/themes/musicnow/template-parts/hero.php on line 30
[08-Jan-2018 16:20:15 UTC] PHP Stack trace:
[08-Jan-2018 16:20:15 UTC] PHP   1. {main}() /app/public/index.php:0
[08-Jan-2018 16:20:15 UTC] PHP   2. require() /app/public/index.php:17
[08-Jan-2018 16:20:15 UTC] PHP   3. require_once() /app/public/core/wp-blog-header.php:19
[08-Jan-2018 16:20:15 UTC] PHP   4. include() /app/public/core/wp-includes/template-loader.php:74
[08-Jan-2018 16:20:15 UTC] PHP   5. get_template_part() /app/public/content/themes/musicnow/page-templates/homepage.php:11
[08-Jan-2018 16:20:15 UTC] PHP   6. locate_template() /app/public/core/wp-includes/general-template.php:155
[08-Jan-2018 16:20:15 UTC] PHP   7. load_template() /app/public/core/wp-includes/template.php:647
[08-Jan-2018 16:20:15 UTC] PHP   8. require() /app/public/core/wp-includes/template.php:690
[08-Jan-2018 16:20:15 UTC] ----------------------------------
[08-Jan-2018 16:20:15 UTC] Array
(
    [ID] => 64
    [id] => 64
    [title] => MN_WebHeader-01
    [filename] => MN_WebHeader-01.png
    [url] => https://musicnow.test/content/uploads/2018/01/MN_WebHeader-01.png
    [alt] => 
    [author] => 2
    [description] => 
    [caption] => 
    [name] => mn_webheader-01
    [date] => 2018-01-05 22:08:22
    [modified] => 2018-01-08 16:11:12
    [mime_type] => image/png
    [type] => image
    [icon] => https://musicnow.test/core/wp-includes/images/media/default.png
    [width] => 1601
    [height] => 661
    [sizes] => Array
        (
            [thumbnail] => https://musicnow.test/content/uploads/2018/01/MN_WebHeader-01-150x150.png
            [thumbnail-width] => 150
            [thumbnail-height] => 150
            [medium] => https://musicnow.test/content/uploads/2018/01/MN_WebHeader-01-300x124.png
            [medium-width] => 300
            [medium-height] => 124
            [medium_large] => https://musicnow.test/content/uploads/2018/01/MN_WebHeader-01-768x317.png
            [medium_large-width] => 768
            [medium_large-height] => 317
            [large] => https://musicnow.test/content/uploads/2018/01/MN_WebHeader-01-1024x423.png
            [large-width] => 1024
            [large-height] => 423
        )

)

[08-Jan-2018 16:20:15 UTC] ----------------------------------
[08-Jan-2018 16:20:15 UTC] PHP Notice:  Undefined variable: image in /app/public/content/themes/musicnow/template-parts/hero.php on line 28
[08-Jan-2018 16:20:15 UTC] PHP Stack trace:
[08-Jan-2018 16:20:15 UTC] PHP   1. {main}() /app/public/index.php:0
[08-Jan-2018 16:20:15 UTC] PHP   2. require() /app/public/index.php:17
[08-Jan-2018 16:20:15 UTC] PHP   3. require_once() /app/public/core/wp-blog-header.php:19
[08-Jan-2018 16:20:15 UTC] PHP   4. include() /app/public/core/wp-includes/template-loader.php:74
[08-Jan-2018 16:20:15 UTC] PHP   5. get_template_part() /app/public/content/themes/musicnow/page-templates/homepage.php:11
[08-Jan-2018 16:20:15 UTC] PHP   6. locate_template() /app/public/core/wp-includes/general-template.php:155
[08-Jan-2018 16:20:15 UTC] PHP   7. load_template() /app/public/core/wp-includes/template.php:647
[08-Jan-2018 16:20:15 UTC] PHP   8. require() /app/public/core/wp-includes/template.php:690
[08-Jan-2018 16:20:15 UTC] PHP Notice:  Undefined variable: image in /app/public/content/themes/musicnow/template-parts/hero.php on line 30
[08-Jan-2018 16:20:15 UTC] PHP Stack trace:
[08-Jan-2018 16:20:15 UTC] PHP   1. {main}() /app/public/index.php:0
[08-Jan-2018 16:20:15 UTC] PHP   2. require() /app/public/index.php:17
[08-Jan-2018 16:20:15 UTC] PHP   3. require_once() /app/public/core/wp-blog-header.php:19
[08-Jan-2018 16:20:15 UTC] PHP   4. include() /app/public/core/wp-includes/template-loader.php:74
[08-Jan-2018 16:20:15 UTC] PHP   5. get_template_part() /app/public/content/themes/musicnow/page-templates/homepage.php:11
[08-Jan-2018 16:20:15 UTC] PHP   6. locate_template() /app/public/core/wp-includes/general-template.php:155
[08-Jan-2018 16:20:15 UTC] PHP   7. load_template() /app/public/core/wp-includes/template.php:647
[08-Jan-2018 16:20:15 UTC] PHP   8. require() /app/public/core/wp-includes/template.php:690
[08-Jan-2018 16:20:57 UTC] PHP Notice:  Undefined variable: image in /app/public/content/themes/musicnow/template-parts/hero.php on line 29
[08-Jan-2018 16:20:57 UTC] PHP Stack trace:
[08-Jan-2018 16:20:57 UTC] PHP   1. {main}() /app/public/index.php:0
[08-Jan-2018 16:20:57 UTC] PHP   2. require() /app/public/index.php:17
[08-Jan-2018 16:20:57 UTC] PHP   3. require_once() /app/public/core/wp-blog-header.php:19
[08-Jan-2018 16:20:57 UTC] PHP   4. include() /app/public/core/wp-includes/template-loader.php:74
[08-Jan-2018 16:20:57 UTC] PHP   5. get_template_part() /app/public/content/themes/musicnow/page-templates/homepage.php:11
[08-Jan-2018 16:20:57 UTC] PHP   6. locate_template() /app/public/core/wp-includes/general-template.php:155
[08-Jan-2018 16:20:57 UTC] PHP   7. load_template() /app/public/core/wp-includes/template.php:647
[08-Jan-2018 16:20:57 UTC] PHP   8. require() /app/public/core/wp-includes/template.php:690
[08-Jan-2018 16:20:57 UTC] PHP Notice:  Undefined variable: image in /app/public/content/themes/musicnow/template-parts/hero.php on line 29
[08-Jan-2018 16:20:57 UTC] PHP Stack trace:
[08-Jan-2018 16:20:57 UTC] PHP   1. {main}() /app/public/index.php:0
[08-Jan-2018 16:20:57 UTC] PHP   2. require() /app/public/index.php:17
[08-Jan-2018 16:20:57 UTC] PHP   3. require_once() /app/public/core/wp-blog-header.php:19
[08-Jan-2018 16:20:57 UTC] PHP   4. include() /app/public/core/wp-includes/template-loader.php:74
[08-Jan-2018 16:20:57 UTC] PHP   5. get_template_part() /app/public/content/themes/musicnow/page-templates/homepage.php:11
[08-Jan-2018 16:20:57 UTC] PHP   6. locate_template() /app/public/core/wp-includes/general-template.php:155
[08-Jan-2018 16:20:57 UTC] PHP   7. load_template() /app/public/core/wp-includes/template.php:647
[08-Jan-2018 16:20:57 UTC] PHP   8. require() /app/public/core/wp-includes/template.php:690
[08-Jan-2018 16:20:57 UTC] PHP Notice:  Undefined variable: image in /app/public/content/themes/musicnow/template-parts/hero.php on line 29
[08-Jan-2018 16:20:57 UTC] PHP Stack trace:
[08-Jan-2018 16:20:57 UTC] PHP   1. {main}() /app/public/index.php:0
[08-Jan-2018 16:20:57 UTC] PHP   2. require() /app/public/index.php:17
[08-Jan-2018 16:20:57 UTC] PHP   3. require_once() /app/public/core/wp-blog-header.php:19
[08-Jan-2018 16:20:57 UTC] PHP   4. include() /app/public/core/wp-includes/template-loader.php:74
[08-Jan-2018 16:20:57 UTC] PHP   5. get_template_part() /app/public/content/themes/musicnow/page-templates/homepage.php:11
[08-Jan-2018 16:20:57 UTC] PHP   6. locate_template() /app/public/core/wp-includes/general-template.php:155
[08-Jan-2018 16:20:57 UTC] PHP   7. load_template() /app/public/core/wp-includes/template.php:647
[08-Jan-2018 16:20:57 UTC] PHP   8. require() /app/public/core/wp-includes/template.php:690
[08-Jan-2018 16:20:57 UTC] PHP Notice:  Undefined variable: image in /app/public/content/themes/musicnow/template-parts/hero.php on line 29
[08-Jan-2018 16:20:57 UTC] PHP Stack trace:
[08-Jan-2018 16:20:57 UTC] PHP   1. {main}() /app/public/index.php:0
[08-Jan-2018 16:20:57 UTC] PHP   2. require() /app/public/index.php:17
[08-Jan-2018 16:20:57 UTC] PHP   3. require_once() /app/public/core/wp-blog-header.php:19
[08-Jan-2018 16:20:57 UTC] PHP   4. include() /app/public/core/wp-includes/template-loader.php:74
[08-Jan-2018 16:20:57 UTC] PHP   5. get_template_part() /app/public/content/themes/musicnow/page-templates/homepage.php:11
[08-Jan-2018 16:20:57 UTC] PHP   6. locate_template() /app/public/core/wp-includes/general-template.php:155
[08-Jan-2018 16:20:57 UTC] PHP   7. load_template() /app/public/core/wp-includes/template.php:647
[08-Jan-2018 16:20:57 UTC] PHP   8. require() /app/public/core/wp-includes/template.php:690
[08-Jan-2018 16:20:58 UTC] PHP Notice:  Undefined variable: image in /app/public/content/themes/musicnow/template-parts/hero.php on line 29
[08-Jan-2018 16:20:58 UTC] PHP Stack trace:
[08-Jan-2018 16:20:58 UTC] PHP   1. {main}() /app/public/index.php:0
[08-Jan-2018 16:20:58 UTC] PHP   2. require() /app/public/index.php:17
[08-Jan-2018 16:20:58 UTC] PHP   3. require_once() /app/public/core/wp-blog-header.php:19
[08-Jan-2018 16:20:58 UTC] PHP   4. include() /app/public/core/wp-includes/template-loader.php:74
[08-Jan-2018 16:20:58 UTC] PHP   5. get_template_part() /app/public/content/themes/musicnow/page-templates/homepage.php:11
[08-Jan-2018 16:20:58 UTC] PHP   6. locate_template() /app/public/core/wp-includes/general-template.php:155
[08-Jan-2018 16:20:58 UTC] PHP   7. load_template() /app/public/core/wp-includes/template.php:647
[08-Jan-2018 16:20:58 UTC] PHP   8. require() /app/public/core/wp-includes/template.php:690
[08-Jan-2018 16:20:58 UTC] PHP Notice:  Undefined variable: image in /app/public/content/themes/musicnow/template-parts/hero.php on line 29
[08-Jan-2018 16:20:58 UTC] PHP Stack trace:
[08-Jan-2018 16:20:58 UTC] PHP   1. {main}() /app/public/index.php:0
[08-Jan-2018 16:20:58 UTC] PHP   2. require() /app/public/index.php:17
[08-Jan-2018 16:20:58 UTC] PHP   3. require_once() /app/public/core/wp-blog-header.php:19
[08-Jan-2018 16:20:58 UTC] PHP   4. include() /app/public/core/wp-includes/template-loader.php:74
[08-Jan-2018 16:20:58 UTC] PHP   5. get_template_part() /app/public/content/themes/musicnow/page-templates/homepage.php:11
[08-Jan-2018 16:20:58 UTC] PHP   6. locate_template() /app/public/core/wp-includes/general-template.php:155
[08-Jan-2018 16:20:58 UTC] PHP   7. load_template() /app/public/core/wp-includes/template.php:647
[08-Jan-2018 16:20:58 UTC] PHP   8. require() /app/public/core/wp-includes/template.php:690
[08-Jan-2018 16:21:00 UTC] PHP Notice:  Undefined variable: image in /app/public/content/themes/musicnow/template-parts/hero.php on line 29
[08-Jan-2018 16:21:00 UTC] PHP Stack trace:
[08-Jan-2018 16:21:00 UTC] PHP   1. {main}() /app/public/index.php:0
[08-Jan-2018 16:21:00 UTC] PHP   2. require() /app/public/index.php:17
[08-Jan-2018 16:21:00 UTC] PHP   3. require_once() /app/public/core/wp-blog-header.php:19
[08-Jan-2018 16:21:00 UTC] PHP   4. include() /app/public/core/wp-includes/template-loader.php:74
[08-Jan-2018 16:21:00 UTC] PHP   5. get_template_part() /app/public/content/themes/musicnow/page-templates/homepage.php:11
[08-Jan-2018 16:21:00 UTC] PHP   6. locate_template() /app/public/core/wp-includes/general-template.php:155
[08-Jan-2018 16:21:00 UTC] PHP   7. load_template() /app/public/core/wp-includes/template.php:647
[08-Jan-2018 16:21:00 UTC] PHP   8. require() /app/public/core/wp-includes/template.php:690
[08-Jan-2018 16:21:00 UTC] PHP Notice:  Undefined variable: image in /app/public/content/themes/musicnow/template-parts/hero.php on line 29
[08-Jan-2018 16:21:00 UTC] PHP Stack trace:
[08-Jan-2018 16:21:00 UTC] PHP   1. {main}() /app/public/index.php:0
[08-Jan-2018 16:21:00 UTC] PHP   2. require() /app/public/index.php:17
[08-Jan-2018 16:21:00 UTC] PHP   3. require_once() /app/public/core/wp-blog-header.php:19
[08-Jan-2018 16:21:00 UTC] PHP   4. include() /app/public/core/wp-includes/template-loader.php:74
[08-Jan-2018 16:21:00 UTC] PHP   5. get_template_part() /app/public/content/themes/musicnow/page-templates/homepage.php:11
[08-Jan-2018 16:21:00 UTC] PHP   6. locate_template() /app/public/core/wp-includes/general-template.php:155
[08-Jan-2018 16:21:00 UTC] PHP   7. load_template() /app/public/core/wp-includes/template.php:647
[08-Jan-2018 16:21:00 UTC] PHP   8. require() /app/public/core/wp-includes/template.php:690
[08-Jan-2018 16:21:00 UTC] PHP Notice:  Undefined variable: image in /app/public/content/themes/musicnow/template-parts/hero.php on line 29
[08-Jan-2018 16:21:00 UTC] PHP Stack trace:
[08-Jan-2018 16:21:00 UTC] PHP   1. {main}() /app/public/index.php:0
[08-Jan-2018 16:21:00 UTC] PHP   2. require() /app/public/index.php:17
[08-Jan-2018 16:21:00 UTC] PHP   3. require_once() /app/public/core/wp-blog-header.php:19
[08-Jan-2018 16:21:00 UTC] PHP   4. include() /app/public/core/wp-includes/template-loader.php:74
[08-Jan-2018 16:21:00 UTC] PHP   5. get_template_part() /app/public/content/themes/musicnow/page-templates/homepage.php:11
[08-Jan-2018 16:21:00 UTC] PHP   6. locate_template() /app/public/core/wp-includes/general-template.php:155
[08-Jan-2018 16:21:00 UTC] PHP   7. load_template() /app/public/core/wp-includes/template.php:647
[08-Jan-2018 16:21:00 UTC] PHP   8. require() /app/public/core/wp-includes/template.php:690
[08-Jan-2018 16:21:00 UTC] PHP Notice:  Undefined variable: image in /app/public/content/themes/musicnow/template-parts/hero.php on line 29
[08-Jan-2018 16:21:00 UTC] PHP Stack trace:
[08-Jan-2018 16:21:00 UTC] PHP   1. {main}() /app/public/index.php:0
[08-Jan-2018 16:21:00 UTC] PHP   2. require() /app/public/index.php:17
[08-Jan-2018 16:21:00 UTC] PHP   3. require_once() /app/public/core/wp-blog-header.php:19
[08-Jan-2018 16:21:00 UTC] PHP   4. include() /app/public/core/wp-includes/template-loader.php:74
[08-Jan-2018 16:21:00 UTC] PHP   5. get_template_part() /app/public/content/themes/musicnow/page-templates/homepage.php:11
[08-Jan-2018 16:21:00 UTC] PHP   6. locate_template() /app/public/core/wp-includes/general-template.php:155
[08-Jan-2018 16:21:00 UTC] PHP   7. load_template() /app/public/core/wp-includes/template.php:647
[08-Jan-2018 16:21:00 UTC] PHP   8. require() /app/public/core/wp-includes/template.php:690
[08-Jan-2018 16:21:00 UTC] PHP Notice:  Undefined variable: image in /app/public/content/themes/musicnow/template-parts/hero.php on line 29
[08-Jan-2018 16:21:00 UTC] PHP Stack trace:
[08-Jan-2018 16:21:00 UTC] PHP   1. {main}() /app/public/index.php:0
[08-Jan-2018 16:21:00 UTC] PHP   2. require() /app/public/index.php:17
[08-Jan-2018 16:21:00 UTC] PHP   3. require_once() /app/public/core/wp-blog-header.php:19
[08-Jan-2018 16:21:00 UTC] PHP   4. include() /app/public/core/wp-includes/template-loader.php:74
[08-Jan-2018 16:21:00 UTC] PHP   5. get_template_part() /app/public/content/themes/musicnow/page-templates/homepage.php:11
[08-Jan-2018 16:21:00 UTC] PHP   6. locate_template() /app/public/core/wp-includes/general-template.php:155
[08-Jan-2018 16:21:00 UTC] PHP   7. load_template() /app/public/core/wp-includes/template.php:647
[08-Jan-2018 16:21:00 UTC] PHP   8. require() /app/public/core/wp-includes/template.php:690
[08-Jan-2018 16:21:00 UTC] PHP Notice:  Undefined variable: image in /app/public/content/themes/musicnow/template-parts/hero.php on line 29
[08-Jan-2018 16:21:00 UTC] PHP Stack trace:
[08-Jan-2018 16:21:00 UTC] PHP   1. {main}() /app/public/index.php:0
[08-Jan-2018 16:21:00 UTC] PHP   2. require() /app/public/index.php:17
[08-Jan-2018 16:21:00 UTC] PHP   3. require_once() /app/public/core/wp-blog-header.php:19
[08-Jan-2018 16:21:00 UTC] PHP   4. include() /app/public/core/wp-includes/template-loader.php:74
[08-Jan-2018 16:21:00 UTC] PHP   5. get_template_part() /app/public/content/themes/musicnow/page-templates/homepage.php:11
[08-Jan-2018 16:21:00 UTC] PHP   6. locate_template() /app/public/core/wp-includes/general-template.php:155
[08-Jan-2018 16:21:00 UTC] PHP   7. load_template() /app/public/core/wp-includes/template.php:647
[08-Jan-2018 16:21:00 UTC] PHP   8. require() /app/public/core/wp-includes/template.php:690
